<?xml version="1.0" encoding="UTF-8"?>
<!-- Generated by org.testng.reporters.JUnitReportReporter -->
<testsuite hostname="ASUS-PC" name="com.mail.api.test" tests="1" failures="0" timestamp="24 Aug 2018 14:43:17 GMT" time="8.313" errors="0">
  <testcase name="test" time="8.313" classname="com.mail.api.test"/>
</testsuite> <!-- com.mail.api.test -->
