<?xml version="1.0" encoding="UTF-8"?>
<!-- Generated by org.testng.reporters.JUnitReportReporter -->
<testsuite hostname="ASUS-PC" name="testSuites.creatTxt" tests="1" failures="0" timestamp="25 Aug 2018 03:03:44 GMT" time="0.000" errors="0">
  <testcase name="create" time="0.000" classname="testSuites.creatTxt"/>
</testsuite> <!-- testSuites.creatTxt -->
