<?xml version="1.0" encoding="UTF-8"?>
<!-- Generated by org.testng.reporters.JUnitReportReporter -->
<testsuite hostname="ASUS-PC" name="testSuites.findHUITAI" tests="1" failures="0" timestamp="25 Aug 2018 03:07:59 GMT" time="12.064" errors="0">
  <testcase name="findStart" time="12.064" classname="testSuites.findHUITAI"/>
</testsuite> <!-- testSuites.findHUITAI -->
